<?xml version="1.0" encoding="UTF-8"?>
<!-- Generated by org.testng.reporters.JUnitXMLReporter -->
<testsuite ignored="0" hostname="LAPTOP-3DLPEHOF" failures="0" tests="5" name="chrometest" time="113.693" errors="0" timestamp="2023-06-12T08:58:26 IST">
  <testcase classname="com.trello.testcases.TrelloBoards" name="trelloHomePageCheck" time="1.712"/>
  <testcase classname="com.trello.testcases.TrelloBoards" name="trelloLoginPageCheck" time="5.471"/>
  <testcase classname="com.trello.testcases.TrelloBoards" name="trelloBoardPageCheck" time="19.992"/>
  <testcase classname="com.trello.testcases.TrelloBoards" name="trelloCreateAndDeleteBoard" time="30.787"/>
  <testcase classname="com.trello.testcases.TrelloBoards" name="trelloCreateMultipleListAndSwapInCreatedBoard" time="30.071"/>
</testsuite> <!-- chrometest -->
