<?xml version="1.0" encoding="UTF-8"?>
<!-- Generated by org.testng.reporters.JUnitXMLReporter -->
<testsuite ignored="0" hostname="LAPTOP-3DLPEHOF" failures="0" tests="5" name="firefoxtest" time="113.661" errors="0" timestamp="2023-06-12T08:58:26 IST">
  <testcase classname="com.trello.testcases.TrelloBoards" name="trelloHomePageCheck" time="1.637"/>
  <testcase classname="com.trello.testcases.TrelloBoards" name="trelloLoginPageCheck" time="5.273"/>
  <testcase classname="com.trello.testcases.TrelloBoards" name="trelloBoardPageCheck" time="20.251"/>
  <testcase classname="com.trello.testcases.TrelloBoards" name="trelloCreateAndDeleteBoard" time="30.074"/>
  <testcase classname="com.trello.testcases.TrelloBoards" name="trelloCreateMultipleListAndSwapInCreatedBoard" time="29.942"/>
</testsuite> <!-- firefoxtest -->
