<?xml version="1.0" encoding="UTF-8"?>
<testng-results ignored="4" total="5" passed="1" failed="0" skipped="0">
  <reporter-output>
    <line>
      <![CDATA[BoardTitleTextField is visible]]>
    </line>
  </reporter-output>
  <suite started-at="2023-06-28T14:36:39 IST" name="Default suite" finished-at="2023-06-28T14:38:25 IST" duration-ms="106394">
    <groups>
      <group name="systemtesting">
        <method signature="TrelloBoards2.trelloCreateMultipleListAndSwapInCreatedBoard()[pri:5, instance:com.trello.testcases.TrelloBoards2@3232a28a]" name="trelloCreateMultipleListAndSwapInCreatedBoard" class="com.trello.testcases.TrelloBoards2"/>
      </group> <!-- systemtesting -->
    </groups>
    <test started-at="2023-06-28T14:36:39 IST" name="Default test" finished-at="2023-06-28T14:38:25 IST" duration-ms="106394">
      <class name="com.trello.testcases.TrelloBoards2">
        <test-method is-config="true" signature="configBeforemethod()[pri:0, instance:com.trello.testcases.TrelloBoards2@3232a28a]" started-at="2023-06-28T14:36:39 IST" name="configBeforemethod" finished-at="2023-06-28T14:36:54 IST" duration-ms="15594" status="PASS">
          <reporter-output>
          </reporter-output>
        </test-method> <!-- configBeforemethod -->
        <test-method signature="trelloCreateMultipleListAndSwapInCreatedBoard()[pri:5, instance:com.trello.testcases.TrelloBoards2@3232a28a]" started-at="2023-06-28T14:36:54 IST" name="trelloCreateMultipleListAndSwapInCreatedBoard" finished-at="2023-06-28T14:38:23 IST" duration-ms="89158" status="PASS">
          <reporter-output>
            <line>
              <![CDATA[BoardTitleTextField is visible]]>
            </line>
          </reporter-output>
        </test-method> <!-- trelloCreateMultipleListAndSwapInCreatedBoard -->
        <test-method is-config="true" signature="configAfterMethod()[pri:0, instance:com.trello.testcases.TrelloBoards2@3232a28a]" started-at="2023-06-28T14:38:23 IST" name="configAfterMethod" finished-at="2023-06-28T14:38:25 IST" duration-ms="1550" status="PASS">
          <reporter-output>
          </reporter-output>
        </test-method> <!-- configAfterMethod -->
      </class> <!-- com.trello.testcases.TrelloBoards2 -->
    </test> <!-- Default test -->
  </suite> <!-- Default suite -->
</testng-results>
