<?xml version="1.0" encoding="UTF-8"?>
<!-- Generated by org.testng.reporters.JUnitXMLReporter -->
<testsuite ignored="4" hostname="LAPTOP-3DLPEHOF" failures="0" tests="1" name="Default test" time="106.394" errors="0" timestamp="2023-06-28T14:38:25 IST">
  <testcase classname="com.trello.testcases.TrelloBoards2" name="trelloCreateMultipleListAndSwapInCreatedBoard" time="89.158"/>
  <testcase classname="com.trello.testcases.TrelloBoards2" name="trelloBoardPageCheck" time="0.0">
    <ignored/>
  </testcase> <!-- trelloBoardPageCheck -->
  <testcase classname="com.trello.testcases.TrelloBoards2" name="trelloHomePageCheck" time="0.0">
    <ignored/>
  </testcase> <!-- trelloHomePageCheck -->
  <testcase classname="com.trello.testcases.TrelloBoards2" name="trelloCreateAndDeleteBoard" time="0.0">
    <ignored/>
  </testcase> <!-- trelloCreateAndDeleteBoard -->
  <testcase classname="com.trello.testcases.TrelloBoards2" name="trelloLoginPageCheck" time="0.0">
    <ignored/>
  </testcase> <!-- trelloLoginPageCheck -->
</testsuite> <!-- Default test -->
