<?xml version="1.0" encoding="UTF-8"?>
<!-- Generated by org.testng.reporters.JUnitXMLReporter -->
<testsuite ignored="3" hostname="LAPTOP-3DLPEHOF" failures="2" tests="2" name="SmokeTesting" time="0.074" errors="0" timestamp="2023-06-12T08:49:03 IST">
  <testcase classname="com.trello.testcases.TrelloBoards" name="trelloHomePageCheck" time="0.02">
    <failure type="java.lang.NullPointerException" message="Cannot invoke &amp;quot;org.openqa.selenium.WebDriver.manage()&amp;quot; because &amp;quot;driver&amp;quot; is null">
      <![CDATA[java.lang.NullPointerException: Cannot invoke "org.openqa.selenium.WebDriver.manage()" because "driver" is null
at com.trello.genericutility.WebdriverUtility.implicityWait(WebdriverUtility.java:14)
at com.trello.testcases.TrelloBoards.trelloHomePageCheck(TrelloBoards.java:93)
at java.base/java.util.ArrayList.forEach(ArrayList.java:1511)
... Removed 25 stack frames]]>
    </failure>
  </testcase> <!-- trelloHomePageCheck -->
  <testcase classname="com.trello.testcases.TrelloBoards" name="trelloLoginPageCheck" time="0.002">
    <failure type="java.lang.NullPointerException" message="Cannot invoke &amp;quot;org.openqa.selenium.WebDriver.manage()&amp;quot; because &amp;quot;driver&amp;quot; is null">
      <![CDATA[java.lang.NullPointerException: Cannot invoke "org.openqa.selenium.WebDriver.manage()" because "driver" is null
at com.trello.genericutility.WebdriverUtility.implicityWait(WebdriverUtility.java:14)
at com.trello.testcases.TrelloBoards.trelloLoginPageCheck(TrelloBoards.java:77)
at java.base/java.util.ArrayList.forEach(ArrayList.java:1511)
... Removed 25 stack frames]]>
    </failure>
  </testcase> <!-- trelloLoginPageCheck -->
  <testcase classname="com.trello.testcases.TrelloBoards" name="trelloBoardPageCheck" time="0.0">
    <ignored/>
  </testcase> <!-- trelloBoardPageCheck -->
  <testcase classname="com.trello.testcases.TrelloBoards" name="trelloCreateAndDeleteBoard" time="0.0">
    <ignored/>
  </testcase> <!-- trelloCreateAndDeleteBoard -->
  <testcase classname="com.trello.testcases.TrelloBoards" name="trelloCreateMultipleListAndSwapInCreatedBoard" time="0.0">
    <ignored/>
  </testcase> <!-- trelloCreateMultipleListAndSwapInCreatedBoard -->
</testsuite> <!-- SmokeTesting -->
